[     286ms] [LOG] 
🎱 101 GAMES — Snooker Table Reservation System
━━━━━━━━━━━━━━━━━━━━━━━━━━━━━━━━━━━━━━━━━━━━━━━━━━━━
Routes:
  #/           → Home
  #/tables     → Tables Overview
  #/login      → Auth
  #/booking/:id → Book a Table
  #/history    → Reservation History
  #/admin      → Admin Dashboard
  #/admin/bookings → Manage Bookings
  #/admin/tables   → Manage Tables
  #/admin/pricing  → Manage Pricing
━━━━━━━━━━━━━━━━━━━━━━━━━━━━━━━━━━━━━━━━━━━━━━━━━━━━
 @ http://localhost:5174/src/main.js:130
[   11108ms] [VERBOSE] [DOM] Input elements should have autocomplete attributes (suggested: "new-password"): (More info: https://goo.gl/9p2vKq) %o @ http://localhost:5174/#/signup:0
[   11108ms] [VERBOSE] [DOM] Input elements should have autocomplete attributes (suggested: "new-password"): (More info: https://goo.gl/9p2vKq) %o @ http://localhost:5174/#/signup:0
[   19211ms] [ERROR] Unsafe attempt to load URL https://your-project.supabase.co/auth/v1/authorize?provider=google&redirect_to=http%3A%2F%2Flocalhost%3A5174%2F%23%2F from frame with URL chrome-error://chromewebdata/. Domains, protocols and ports must match.
 @ chrome-error://chromewebdata/:0
[  228958ms] [LOG] 
🎱 101 GAMES — Snooker Table Reservation System
━━━━━━━━━━━━━━━━━━━━━━━━━━━━━━━━━━━━━━━━━━━━━━━━━━━━
Routes:
  #/           → Home
  #/tables     → Tables Overview
  #/login      → Auth
  #/booking/:id → Book a Table
  #/history    → Reservation History
  #/admin      → Admin Dashboard
  #/admin/bookings → Manage Bookings
  #/admin/tables   → Manage Tables
  #/admin/pricing  → Manage Pricing
━━━━━━━━━━━━━━━━━━━━━━━━━━━━━━━━━━━━━━━━━━━━━━━━━━━━
 @ http://localhost:5173/src/main.js:130
[  231343ms] [VERBOSE] [DOM] Input elements should have autocomplete attributes (suggested: "new-password"): (More info: https://goo.gl/9p2vKq) %o @ http://localhost:5173/#/signup:0
[  231343ms] [VERBOSE] [DOM] Input elements should have autocomplete attributes (suggested: "new-password"): (More info: https://goo.gl/9p2vKq) %o @ http://localhost:5173/#/signup:0
