[     203ms] [VERBOSE] [DOM] Input elements should have autocomplete attributes (suggested: "current-password"): (More info: https://goo.gl/9p2vKq) %o @ http://localhost:5173/#/login:0
[  109726ms] [LOG] 
🎱 101 GAMES — Snooker Table Reservation System
━━━━━━━━━━━━━━━━━━━━━━━━━━━━━━━━━━━━━━━━━━━━━━━━━━━━
Routes:
  #/           → Home
  #/tables     → Tables Overview
  #/login      → Auth
  #/booking/:id → Book a Table
  #/history    → Reservation History
  #/admin      → Admin Dashboard
  #/admin/bookings → Manage Bookings
  #/admin/tables   → Manage Tables
  #/admin/pricing  → Manage Pricing
━━━━━━━━━━━━━━━━━━━━━━━━━━━━━━━━━━━━━━━━━━━━━━━━━━━━
 @ http://localhost:5173/src/main.js?t=1775686494641:112
[  109749ms] [VERBOSE] [DOM] Input elements should have autocomplete attributes (suggested: "current-password"): (More info: https://goo.gl/9p2vKq) %o @ http://localhost:5173/#/login:0
[  110256ms] [ERROR] Failed to load resource: net::ERR_BLOCKED_BY_RESPONSE.NotSameOrigin @ https://paystack.com/public/css/button.min.css:0
[  163761ms] [LOG] 
🎱 101 GAMES — Snooker Table Reservation System
━━━━━━━━━━━━━━━━━━━━━━━━━━━━━━━━━━━━━━━━━━━━━━━━━━━━
Routes:
  #/           → Home
  #/tables     → Tables Overview
  #/login      → Auth
  #/booking/:id → Book a Table
  #/history    → Reservation History
  #/admin      → Admin Dashboard
  #/admin/bookings → Manage Bookings
  #/admin/tables   → Manage Tables
  #/admin/pricing  → Manage Pricing
━━━━━━━━━━━━━━━━━━━━━━━━━━━━━━━━━━━━━━━━━━━━━━━━━━━━
 @ http://localhost:5173/src/main.js?t=1775686549057:112
[  163782ms] [VERBOSE] [DOM] Input elements should have autocomplete attributes (suggested: "current-password"): (More info: https://goo.gl/9p2vKq) %o @ http://localhost:5173/#/login:0
[  190492ms] [LOG] 
🎱 101 GAMES — Snooker Table Reservation System
━━━━━━━━━━━━━━━━━━━━━━━━━━━━━━━━━━━━━━━━━━━━━━━━━━━━
Routes:
  #/           → Home
  #/tables     → Tables Overview
  #/login      → Auth
  #/booking/:id → Book a Table
  #/history    → Reservation History
  #/admin      → Admin Dashboard
  #/admin/bookings → Manage Bookings
  #/admin/tables   → Manage Tables
  #/admin/pricing  → Manage Pricing
━━━━━━━━━━━━━━━━━━━━━━━━━━━━━━━━━━━━━━━━━━━━━━━━━━━━
 @ http://localhost:5173/src/main.js?t=1775686574928:112
[  190511ms] [VERBOSE] [DOM] Input elements should have autocomplete attributes (suggested: "current-password"): (More info: https://goo.gl/9p2vKq) %o @ http://localhost:5173/#/login:0
[  212862ms] [ERROR] Failed to load resource: the server responded with a status of 500 (Internal Server Error) @ http://localhost:5173/src/main.js?t=1775686598147:0
[  241400ms] [ERROR] Failed to load resource: the server responded with a status of 500 (Internal Server Error) @ http://localhost:5173/src/pages/setup-2fa.js:0
[  279201ms] [ERROR] Failed to load resource: the server responded with a status of 500 (Internal Server Error) @ http://localhost:5173/src/pages/history.js?t=1775686664047:0
[  279278ms] [ERROR] Failed to load resource: the server responded with a status of 500 (Internal Server Error) @ http://localhost:5173/src/pages/setup-2fa.js:0
[  303393ms] [ERROR] Failed to load resource: the server responded with a status of 500 (Internal Server Error) @ http://localhost:5173/src/pages/history.js?t=1775686688427:0
[  303488ms] [ERROR] Failed to load resource: the server responded with a status of 500 (Internal Server Error) @ http://localhost:5173/src/pages/setup-2fa.js:0
[  319319ms] [ERROR] Failed to load resource: the server responded with a status of 500 (Internal Server Error) @ http://localhost:5173/src/pages/setup-2fa.js:0
