[     -18ms] [LOG] 
🎱 101 GAMES — Snooker Table Reservation System
━━━━━━━━━━━━━━━━━━━━━━━━━━━━━━━━━━━━━━━━━━━━━━━━━━━━
Routes:
  #/           → Home
  #/tables     → Tables Overview
  #/login      → Auth
  #/booking/:id → Book a Table
  #/history    → Reservation History
  #/admin      → Admin Dashboard
  #/admin/bookings → Manage Bookings
  #/admin/tables   → Manage Tables
  #/admin/pricing  → Manage Pricing
━━━━━━━━━━━━━━━━━━━━━━━━━━━━━━━━━━━━━━━━━━━━━━━━━━━━
 @ http://localhost:5176/src/main.js:130
[    3967ms] [VERBOSE] [DOM] Input elements should have autocomplete attributes (suggested: "new-password"): (More info: https://goo.gl/9p2vKq) %o @ http://localhost:5176/#/signup:0
[    3967ms] [VERBOSE] [DOM] Input elements should have autocomplete attributes (suggested: "new-password"): (More info: https://goo.gl/9p2vKq) %o @ http://localhost:5176/#/signup:0
[    7398ms] [INFO] Slow network is detected. See https://www.chromestatus.com/feature/5636954674692096 for more details. Fallback font will be used while loading: https://fonts.gstatic.com/s/googlesans/v62/4UaRrENHsxJlGDuGo1OIlJfC6l_24rlCK1Yo_Iq2vgCIhM907w.woff2 @ https://accounts.google.com/v3/signin/identifier?opparams=%253Fredirect_to%253Dhttp%25253A%25252F%25252Flocalhost%25253A5176%25252F%252523%25252F&dsh=S-300263725%3A1775687618871318&client_id=988755377534-p6qh505jtan0c81tpuohrm7kim742keu.apps.googleusercontent.com&o2v=2&redirect_uri=https%3A%2F%2Frfsspsaxsirxcrclrfrg.supabase.co%2Fauth%2Fv1%2Fcallback&response_type=code&scope=email+profile&service=lso&state=92a3b555-2f47-4a8a-8e77-c02a86ccf1e6&flowName=GeneralOAuthFlow&continue=https%3A%2F%2Faccounts.google.com%2Fsignin%2Foauth%2Fconsent%3Fauthuser%3Dunknown%26part%3DAJi8hANIfCjyaqWjjdu-BXzJVlGfz9RMIgKaI4NRwbncduJqZRt9fLSazLAlP7oP5DqmG2eedHN0GEPmRM2IZD6EnxZIhxOSm4I-_XLfPMq_jfDyyDiMNX3lSRAD8SpbcemQCVP_Su3Xdt3W257-vB8SH0bfDNz_V54PAfxG7oIHfF0t1Xb5DiQcC96XcVPfFFZyKK26xX4Eq-cFnWcMOGbwMPkma73Kcutuo52wSTTGmFotZQ7t6EQjl9MZqGSCRkoMWFOsU0mOZvU1lePgZRhmFilhlVUdrjHaDiKapvMkPZ6FRUEGDUk-u1oT1uxK4py4RSFkguuj3wBRHCNkA3LGAzk0KYirdXUbpdOFogRJUGAyiy-dBpHPocvWGbP-Fc5sYeBSnv2kqyTbk0EmE_BfcMvxMOSU-DH46gz2fYNqCBPzr8p8b-2J2lONoe_fCyN4ca890fhUjCFvJn6My28ZqbMVB9loiuRY4lesso0RzD2JM2vOybk%26flowName%3DGeneralOAuthFlow%26as%3DS-300263725%253A1775687618871318%26client_id%3D988755377534-p6qh505jtan0c81tpuohrm7kim742keu.apps.googleusercontent.com%26requestPath%3D%252Fsignin%252Foauth%252Fconsent%23&app_domain=https%3A%2F%2Frfsspsaxsirxcrclrfrg.supabase.co&rart=ANgoxcceE38owrMrnWS1jhMsXmZQGurlnO8Anbwr06Iwv7WwvBm9O6qA0Lc7RkOBtSd9uqWcyDyhTXr7fqgyLP5r9DTSBm8q74E35TikI5BM2lQzy-1adEE:236
[    8307ms] [VERBOSE] [DOM] Password field is not contained in a form: (More info: https://goo.gl/9p2vKq) %o @ https://accounts.google.com/v3/signin/identifier?opparams=%253Fredirect_to%253Dhttp%25253A%25252F%25252Flocalhost%25253A5176%25252F%252523%25252F&dsh=S-300263725%3A1775687618871318&client_id=988755377534-p6qh505jtan0c81tpuohrm7kim742keu.apps.googleusercontent.com&o2v=2&redirect_uri=https%3A%2F%2Frfsspsaxsirxcrclrfrg.supabase.co%2Fauth%2Fv1%2Fcallback&response_type=code&scope=email+profile&service=lso&state=92a3b555-2f47-4a8a-8e77-c02a86ccf1e6&flowName=GeneralOAuthFlow&continue=https%3A%2F%2Faccounts.google.com%2Fsignin%2Foauth%2Fconsent%3Fauthuser%3Dunknown%26part%3DAJi8hANIfCjyaqWjjdu-BXzJVlGfz9RMIgKaI4NRwbncduJqZRt9fLSazLAlP7oP5DqmG2eedHN0GEPmRM2IZD6EnxZIhxOSm4I-_XLfPMq_jfDyyDiMNX3lSRAD8SpbcemQCVP_Su3Xdt3W257-vB8SH0bfDNz_V54PAfxG7oIHfF0t1Xb5DiQcC96XcVPfFFZyKK26xX4Eq-cFnWcMOGbwMPkma73Kcutuo52wSTTGmFotZQ7t6EQjl9MZqGSCRkoMWFOsU0mOZvU1lePgZRhmFilhlVUdrjHaDiKapvMkPZ6FRUEGDUk-u1oT1uxK4py4RSFkguuj3wBRHCNkA3LGAzk0KYirdXUbpdOFogRJUGAyiy-dBpHPocvWGbP-Fc5sYeBSnv2kqyTbk0EmE_BfcMvxMOSU-DH46gz2fYNqCBPzr8p8b-2J2lONoe_fCyN4ca890fhUjCFvJn6My28ZqbMVB9loiuRY4lesso0RzD2JM2vOybk%26flowName%3DGeneralOAuthFlow%26as%3DS-300263725%253A1775687618871318%26client_id%3D988755377534-p6qh505jtan0c81tpuohrm7kim742keu.apps.googleusercontent.com%26requestPath%3D%252Fsignin%252Foauth%252Fconsent%23&app_domain=https%3A%2F%2Frfsspsaxsirxcrclrfrg.supabase.co&rart=ANgoxcceE38owrMrnWS1jhMsXmZQGurlnO8Anbwr06Iwv7WwvBm9O6qA0Lc7RkOBtSd9uqWcyDyhTXr7fqgyLP5r9DTSBm8q74E35TikI5BM2lQzy-1adEE:0
[    8312ms] [LOG] %c%s color: red; background: yellow; font-size: 24px; WARNING! @ https://www.gstatic.com/_/mss/boq-identity/_/js/k=boq-identity.AccountsSignInUi.en_US.88iQ3Wo1jFg.es5.O/am=Kf8GAABCEUgGwP__HzIAIACCaOB6FoAmEBkAAAAAAAAAALBAAIA0Ag/d=1/excm=_b,_tp,identifierview/ed=1/dg=0/wt=2/ujg=1/rs=AOaEmlF6tPnn2QKkefjoubwYXdyZzWQK3A/dti=1/m=_b,_tp:467
[    8312ms] [LOG] %c%s font-size: 18px; Using this console may allow attackers to impersonate you and steal your information using an attack called Self-XSS.
Do not enter or paste code that you do not understand. @ https://www.gstatic.com/_/mss/boq-identity/_/js/k=boq-identity.AccountsSignInUi.en_US.88iQ3Wo1jFg.es5.O/am=Kf8GAABCEUgGwP__HzIAIACCaOB6FoAmEBkAAAAAAAAAALBAAIA0Ag/d=1/excm=_b,_tp,identifierview/ed=1/dg=0/wt=2/ujg=1/rs=AOaEmlF6tPnn2QKkefjoubwYXdyZzWQK3A/dti=1/m=_b,_tp:467
[   58868ms] [VERBOSE] [DOM] Password field is not contained in a form: (More info: https://goo.gl/9p2vKq) %o @ https://accounts.google.com/v3/signin/challenge/pwd?TL=AIgtPP3ANR37hJxKI5eb7RI91jTsyZrHdmEXTl4Ztm3A_bg-CnUCURvjMCUcPUbv&app_domain=https%3A%2F%2Frfsspsaxsirxcrclrfrg.supabase.co&checkConnection=youtube%3A719&checkedDomains=youtube&cid=2&client_id=988755377534-p6qh505jtan0c81tpuohrm7kim742keu.apps.googleusercontent.com&continue=https%3A%2F%2Faccounts.google.com%2Fsignin%2Foauth%2Fconsent%3Fauthuser%3Dunknown%26part%3DAJi8hANIfCjyaqWjjdu-BXzJVlGfz9RMIgKaI4NRwbncduJqZRt9fLSazLAlP7oP5DqmG2eedHN0GEPmRM2IZD6EnxZIhxOSm4I-_XLfPMq_jfDyyDiMNX3lSRAD8SpbcemQCVP_Su3Xdt3W257-vB8SH0bfDNz_V54PAfxG7oIHfF0t1Xb5DiQcC96XcVPfFFZyKK26xX4Eq-cFnWcMOGbwMPkma73Kcutuo52wSTTGmFotZQ7t6EQjl9MZqGSCRkoMWFOsU0mOZvU1lePgZRhmFilhlVUdrjHaDiKapvMkPZ6FRUEGDUk-u1oT1uxK4py4RSFkguuj3wBRHCNkA3LGAzk0KYirdXUbpdOFogRJUGAyiy-dBpHPocvWGbP-Fc5sYeBSnv2kqyTbk0EmE_BfcMvxMOSU-DH46gz2fYNqCBPzr8p8b-2J2lONoe_fCyN4ca890fhUjCFvJn6My28ZqbMVB9loiuRY4lesso0RzD2JM2vOybk%26flowName%3DGeneralOAuthFlow%26as%3DS-300263725%253A1775687618871318%26client_id%3D988755377534-p6qh505jtan0c81tpuohrm7kim742keu.apps.googleusercontent.com%26requestPath%3D%252Fsignin%252Foauth%252Fconsent%23&dsh=S-300263725%3A1775687618871318&flowName=GeneralOAuthFlow&o2v=2&opparams=%253Fredirect_to%253Dhttp%25253A%25252F%25252Flocalhost%25253A5176%25252F%252523%25252F&pstMsg=1&rart=ANgoxcceE38owrMrnWS1jhMsXmZQGurlnO8Anbwr06Iwv7WwvBm9O6qA0Lc7RkOBtSd9uqWcyDyhTXr7fqgyLP5r9DTSBm8q74E35TikI5BM2lQzy-1adEE&redirect_uri=https%3A%2F%2Frfsspsaxsirxcrclrfrg.supabase.co%2Fauth%2Fv1%2Fcallback&response_type=code&scope=email%20profile&service=lso&state=92a3b555-2f47-4a8a-8e77-c02a86ccf1e6:0
[    7398ms] [INFO] Slow network is detected. See https://www.chromestatus.com/feature/5636954674692096 for more details. Fallback font will be used while loading: https://fonts.gstatic.com/s/googlesans/v62/4UaRrENHsxJlGDuGo1OIlJfC6l_24rlCK1Yo_Iq2vgCIhM907w.woff2 @ https://accounts.google.com/v3/signin/identifier?opparams=%253Fredirect_to%253Dhttp%25253A%25252F%25252Flocalhost%25253A5176%25252F%252523%25252F&dsh=S-300263725%3A1775687618871318&client_id=988755377534-p6qh505jtan0c81tpuohrm7kim742keu.apps.googleusercontent.com&o2v=2&redirect_uri=https%3A%2F%2Frfsspsaxsirxcrclrfrg.supabase.co%2Fauth%2Fv1%2Fcallback&response_type=code&scope=email+profile&service=lso&state=92a3b555-2f47-4a8a-8e77-c02a86ccf1e6&flowName=GeneralOAuthFlow&continue=https%3A%2F%2Faccounts.google.com%2Fsignin%2Foauth%2Fconsent%3Fauthuser%3Dunknown%26part%3DAJi8hANIfCjyaqWjjdu-BXzJVlGfz9RMIgKaI4NRwbncduJqZRt9fLSazLAlP7oP5DqmG2eedHN0GEPmRM2IZD6EnxZIhxOSm4I-_XLfPMq_jfDyyDiMNX3lSRAD8SpbcemQCVP_Su3Xdt3W257-vB8SH0bfDNz_V54PAfxG7oIHfF0t1Xb5DiQcC96XcVPfFFZyKK26xX4Eq-cFnWcMOGbwMPkma73Kcutuo52wSTTGmFotZQ7t6EQjl9MZqGSCRkoMWFOsU0mOZvU1lePgZRhmFilhlVUdrjHaDiKapvMkPZ6FRUEGDUk-u1oT1uxK4py4RSFkguuj3wBRHCNkA3LGAzk0KYirdXUbpdOFogRJUGAyiy-dBpHPocvWGbP-Fc5sYeBSnv2kqyTbk0EmE_BfcMvxMOSU-DH46gz2fYNqCBPzr8p8b-2J2lONoe_fCyN4ca890fhUjCFvJn6My28ZqbMVB9loiuRY4lesso0RzD2JM2vOybk%26flowName%3DGeneralOAuthFlow%26as%3DS-300263725%253A1775687618871318%26client_id%3D988755377534-p6qh505jtan0c81tpuohrm7kim742keu.apps.googleusercontent.com%26requestPath%3D%252Fsignin%252Foauth%252Fconsent%23&app_domain=https%3A%2F%2Frfsspsaxsirxcrclrfrg.supabase.co&rart=ANgoxcceE38owrMrnWS1jhMsXmZQGurlnO8Anbwr06Iwv7WwvBm9O6qA0Lc7RkOBtSd9uqWcyDyhTXr7fqgyLP5r9DTSBm8q74E35TikI5BM2lQzy-1adEE:236
[    8307ms] [VERBOSE] [DOM] Password field is not contained in a form: (More info: https://goo.gl/9p2vKq) %o @ https://accounts.google.com/v3/signin/identifier?opparams=%253Fredirect_to%253Dhttp%25253A%25252F%25252Flocalhost%25253A5176%25252F%252523%25252F&dsh=S-300263725%3A1775687618871318&client_id=988755377534-p6qh505jtan0c81tpuohrm7kim742keu.apps.googleusercontent.com&o2v=2&redirect_uri=https%3A%2F%2Frfsspsaxsirxcrclrfrg.supabase.co%2Fauth%2Fv1%2Fcallback&response_type=code&scope=email+profile&service=lso&state=92a3b555-2f47-4a8a-8e77-c02a86ccf1e6&flowName=GeneralOAuthFlow&continue=https%3A%2F%2Faccounts.google.com%2Fsignin%2Foauth%2Fconsent%3Fauthuser%3Dunknown%26part%3DAJi8hANIfCjyaqWjjdu-BXzJVlGfz9RMIgKaI4NRwbncduJqZRt9fLSazLAlP7oP5DqmG2eedHN0GEPmRM2IZD6EnxZIhxOSm4I-_XLfPMq_jfDyyDiMNX3lSRAD8SpbcemQCVP_Su3Xdt3W257-vB8SH0bfDNz_V54PAfxG7oIHfF0t1Xb5DiQcC96XcVPfFFZyKK26xX4Eq-cFnWcMOGbwMPkma73Kcutuo52wSTTGmFotZQ7t6EQjl9MZqGSCRkoMWFOsU0mOZvU1lePgZRhmFilhlVUdrjHaDiKapvMkPZ6FRUEGDUk-u1oT1uxK4py4RSFkguuj3wBRHCNkA3LGAzk0KYirdXUbpdOFogRJUGAyiy-dBpHPocvWGbP-Fc5sYeBSnv2kqyTbk0EmE_BfcMvxMOSU-DH46gz2fYNqCBPzr8p8b-2J2lONoe_fCyN4ca890fhUjCFvJn6My28ZqbMVB9loiuRY4lesso0RzD2JM2vOybk%26flowName%3DGeneralOAuthFlow%26as%3DS-300263725%253A1775687618871318%26client_id%3D988755377534-p6qh505jtan0c81tpuohrm7kim742keu.apps.googleusercontent.com%26requestPath%3D%252Fsignin%252Foauth%252Fconsent%23&app_domain=https%3A%2F%2Frfsspsaxsirxcrclrfrg.supabase.co&rart=ANgoxcceE38owrMrnWS1jhMsXmZQGurlnO8Anbwr06Iwv7WwvBm9O6qA0Lc7RkOBtSd9uqWcyDyhTXr7fqgyLP5r9DTSBm8q74E35TikI5BM2lQzy-1adEE:0
[   58868ms] [VERBOSE] [DOM] Password field is not contained in a form: (More info: https://goo.gl/9p2vKq) %o @ https://accounts.google.com/v3/signin/challenge/pwd?TL=AIgtPP3ANR37hJxKI5eb7RI91jTsyZrHdmEXTl4Ztm3A_bg-CnUCURvjMCUcPUbv&app_domain=https%3A%2F%2Frfsspsaxsirxcrclrfrg.supabase.co&checkConnection=youtube%3A719&checkedDomains=youtube&cid=2&client_id=988755377534-p6qh505jtan0c81tpuohrm7kim742keu.apps.googleusercontent.com&continue=https%3A%2F%2Faccounts.google.com%2Fsignin%2Foauth%2Fconsent%3Fauthuser%3Dunknown%26part%3DAJi8hANIfCjyaqWjjdu-BXzJVlGfz9RMIgKaI4NRwbncduJqZRt9fLSazLAlP7oP5DqmG2eedHN0GEPmRM2IZD6EnxZIhxOSm4I-_XLfPMq_jfDyyDiMNX3lSRAD8SpbcemQCVP_Su3Xdt3W257-vB8SH0bfDNz_V54PAfxG7oIHfF0t1Xb5DiQcC96XcVPfFFZyKK26xX4Eq-cFnWcMOGbwMPkma73Kcutuo52wSTTGmFotZQ7t6EQjl9MZqGSCRkoMWFOsU0mOZvU1lePgZRhmFilhlVUdrjHaDiKapvMkPZ6FRUEGDUk-u1oT1uxK4py4RSFkguuj3wBRHCNkA3LGAzk0KYirdXUbpdOFogRJUGAyiy-dBpHPocvWGbP-Fc5sYeBSnv2kqyTbk0EmE_BfcMvxMOSU-DH46gz2fYNqCBPzr8p8b-2J2lONoe_fCyN4ca890fhUjCFvJn6My28ZqbMVB9loiuRY4lesso0RzD2JM2vOybk%26flowName%3DGeneralOAuthFlow%26as%3DS-300263725%253A1775687618871318%26client_id%3D988755377534-p6qh505jtan0c81tpuohrm7kim742keu.apps.googleusercontent.com%26requestPath%3D%252Fsignin%252Foauth%252Fconsent%23&dsh=S-300263725%3A1775687618871318&flowName=GeneralOAuthFlow&o2v=2&opparams=%253Fredirect_to%253Dhttp%25253A%25252F%25252Flocalhost%25253A5176%25252F%252523%25252F&pstMsg=1&rart=ANgoxcceE38owrMrnWS1jhMsXmZQGurlnO8Anbwr06Iwv7WwvBm9O6qA0Lc7RkOBtSd9uqWcyDyhTXr7fqgyLP5r9DTSBm8q74E35TikI5BM2lQzy-1adEE&redirect_uri=https%3A%2F%2Frfsspsaxsirxcrclrfrg.supabase.co%2Fauth%2Fv1%2Fcallback&response_type=code&scope=email%20profile&service=lso&state=92a3b555-2f47-4a8a-8e77-c02a86ccf1e6:0
[   98877ms] [LOG] %c%s color: red; background: yellow; font-size: 24px; WARNING! @ https://www.gstatic.com/_/mss/boq-identity/_/js/k=boq-identity.OAuthUi.en_GB.5_tR_LVD6ow.es5.O/am=z78AAAAgAAPg__-HDAiiwXoGoEAAAAAAAAAAABgCAEQ/d=1/excm=_b,_tp,attributesview/ed=1/dg=0/wt=2/ujg=1/rs=AOaEmlHjnlvU5T8foB5tY3vuMajjQ2cCUw/dti=1/m=_b,_tp:424
[   98877ms] [LOG] %c%s font-size: 18px; Using this console may allow attackers to impersonate you and steal your information using an attack called Self-XSS.
Do not enter or paste code that you don't understand. @ https://www.gstatic.com/_/mss/boq-identity/_/js/k=boq-identity.OAuthUi.en_GB.5_tR_LVD6ow.es5.O/am=z78AAAAgAAPg__-HDAiiwXoGoEAAAAAAAAAAABgCAEQ/d=1/excm=_b,_tp,attributesview/ed=1/dg=0/wt=2/ujg=1/rs=AOaEmlHjnlvU5T8foB5tY3vuMajjQ2cCUw/dti=1/m=_b,_tp:424
[  111636ms] [LOG] 
🎱 101 GAMES — Snooker Table Reservation System
━━━━━━━━━━━━━━━━━━━━━━━━━━━━━━━━━━━━━━━━━━━━━━━━━━━━
Routes:
  #/           → Home
  #/tables     → Tables Overview
  #/login      → Auth
  #/booking/:id → Book a Table
  #/history    → Reservation History
  #/admin      → Admin Dashboard
  #/admin/bookings → Manage Bookings
  #/admin/tables   → Manage Tables
  #/admin/pricing  → Manage Pricing
━━━━━━━━━━━━━━━━━━━━━━━━━━━━━━━━━━━━━━━━━━━━━━━━━━━━
 @ http://localhost:5176/src/main.js:130
[  355770ms] TypeError: router.notFound is not a function
    at http://localhost:5176/src/main.js?t=1775687965932:142:8
[  355797ms] [ERROR] Failed to load resource: net::ERR_BLOCKED_BY_RESPONSE.NotSameOrigin @ https://paystack.com/public/css/button.min.css:0
[  412413ms] TypeError: router.notFound is not a function
    at http://localhost:5176/src/main.js?t=1775687965932:142:8
[  414698ms] TypeError: router.notFound is not a function
    at http://localhost:5176/src/main.js?t=1775687965932:142:8
[  414890ms] [ERROR] Failed to load resource: net::ERR_BLOCKED_BY_RESPONSE.NotSameOrigin @ https://paystack.com/public/css/button.min.css:0
